Info: Generated by version: 22.3 build 104
Info: Starting: Create simulation model
Info: qsys-generate /tmp/alt9529_8442435674046616027.dir/0001_intel_rtile_cxl_top_0_gen/intel_rtile_cxl_top_cxltyp3_ed.ip --simulation=VERILOG --allow-mixed-language-simulation --output-directory=/tmp/alt9529_8442435674046616027.dir/0001_intel_rtile_cxl_top_0_gen/intel_rtile_cxl_top_cxltyp3_ed --family=Agilex --part=AGIB027R29A1E2VR3
Warning: intel_rtile_cxl_top_cxltyp3_ed.intel_rtile_cxl_top_0: The CXLTYP3-DDR or CXLTYP2 IP is available only for approved Early access customers
Warning: intel_rtile_cxl_top_cxltyp3_ed.intel_rtile_cxl_top_0.warm_rstn: Associated reset sinks not declared
Warning: intel_rtile_cxl_top_cxltyp3_ed.intel_rtile_cxl_top_0.ip2hdm_reset_n: Associated reset sinks not declared
Info: intel_rtile_cxl_top_0.rnr_ial_sip_clkgen_pll: Able to implement PLL with user settings
Info: intel_rtile_cxl_top_cxltyp3_ed: "Transforming system: intel_rtile_cxl_top_cxltyp3_ed"
Info: intel_rtile_cxl_top_cxltyp3_ed: "Naming system components in system: intel_rtile_cxl_top_cxltyp3_ed"
Info: intel_rtile_cxl_top_cxltyp3_ed: "Processing generation queue"
Info: intel_rtile_cxl_top_cxltyp3_ed: "Generating: intel_rtile_cxl_top_cxltyp3_ed"
Info: intel_rtile_cxl_top_cxltyp3_ed: "Generating: cxl_ip_top"
Info: rtile_cxl_ip: "Generating: rtile_cxl_ip"
Info: rnr_ial_sip_clkgen_pll: "Generating: rnr_ial_sip_clkgen_pll"
Info: avmm_interconnect: "Generating: avmm_interconnect"
Info: intel_rtile_cxl_top_cxltyp3_ed: "Generating: rtile_cxl_ip"
Info: intel_rtile_cxl_top_cxltyp3_ed: "Generating: rnr_ial_sip_clkgen_pll"
Info: intel_rtile_cxl_top_cxltyp3_ed: "Generating: avmm_interconnect"
Info: intel_rtile_cxl_top_cxltyp3_ed: "Generating: intel_rtile_cxl_ast"
Info: rtile_cxl_ip: Generating fully constrained parameters
Info: intel_rtile_cxl_top_cxltyp3_ed: "Generating: intel_rtile_cxl_top_cxltyp3_ed_altera_iopll_1931_lsetw4a"
Info: intel_rtile_cxl_top_cxltyp3_ed: "Generating: intel_rtile_cxl_top_cxltyp3_ed_cxltyp3ddr_avmm_interconnect_100_kentdoy"
Info: intel_rtile_cxl_top_cxltyp3_ed: "Generating: intel_rtile_cxl_top_cxltyp3_ed_altera_avalon_mm_bridge_2001_k2bg7dq"
Info: intel_rtile_cxl_top_cxltyp3_ed: "Generating: intel_rtile_cxl_top_cxltyp3_ed_mm_ccb_1921_lcsq4ni"
Info: my_altera_avalon_dc_fifo_cmd_fifo: "Generating: my_altera_avalon_dc_fifo_cmd_fifo"
Info: my_altera_avalon_dc_fifo_rsp_fifo: "Generating: my_altera_avalon_dc_fifo_rsp_fifo"
Info: intel_rtile_cxl_top_cxltyp3_ed: "Generating: intel_rtile_cxl_top_cxltyp3_ed_altera_mm_interconnect_1920_ujfwi7y"
Info: intel_rtile_cxl_top_cxltyp3_ed: "Generating: intel_rtile_cxl_top_cxltyp3_ed_mm_ccb_st_dc_fifo_1921_4asniea"
Info: intel_rtile_cxl_top_cxltyp3_ed: "Generating: intel_rtile_cxl_top_cxltyp3_ed_mm_ccb_st_dc_fifo_1921_wen3bsa"
Info: intel_rtile_cxl_top_cxltyp3_ed: "Generating: intel_rtile_cxl_top_cxltyp3_ed_altera_merlin_master_translator_191_g7h47bq"
Info: intel_rtile_cxl_top_cxltyp3_ed: "Generating: intel_rtile_cxl_top_cxltyp3_ed_altera_merlin_slave_translator_191_x56fcki"
Info: intel_rtile_cxl_top_cxltyp3_ed: "Generating: intel_rtile_cxl_top_cxltyp3_ed_altera_merlin_master_agent_191_mpbm6tq"
Info: intel_rtile_cxl_top_cxltyp3_ed: "Generating: intel_rtile_cxl_top_cxltyp3_ed_altera_merlin_slave_agent_191_ncfkfri"
Info: intel_rtile_cxl_top_cxltyp3_ed: "Generating: intel_rtile_cxl_top_cxltyp3_ed_altera_avalon_sc_fifo_1931_fzgstwy"
Info: intel_rtile_cxl_top_cxltyp3_ed: "Generating: intel_rtile_cxl_top_cxltyp3_ed_altera_merlin_router_1921_ev3gtfa"
Info: intel_rtile_cxl_top_cxltyp3_ed: "Generating: intel_rtile_cxl_top_cxltyp3_ed_altera_merlin_router_1921_iz4kmqa"
Info: intel_rtile_cxl_top_cxltyp3_ed: "Generating: intel_rtile_cxl_top_cxltyp3_ed_altera_merlin_router_1921_iuteppq"
Info: intel_rtile_cxl_top_cxltyp3_ed: "Generating: intel_rtile_cxl_top_cxltyp3_ed_altera_merlin_router_1921_ahdw3sa"
Info: intel_rtile_cxl_top_cxltyp3_ed: "Generating: intel_rtile_cxl_top_cxltyp3_ed_altera_merlin_router_1921_ga4uc2i"
Info: intel_rtile_cxl_top_cxltyp3_ed: "Generating: intel_rtile_cxl_top_cxltyp3_ed_altera_merlin_router_1921_wk3ga3a"
Info: intel_rtile_cxl_top_cxltyp3_ed: "Generating: intel_rtile_cxl_top_cxltyp3_ed_altera_merlin_router_1921_tyusa4a"
Info: intel_rtile_cxl_top_cxltyp3_ed: "Generating: intel_rtile_cxl_top_cxltyp3_ed_altera_merlin_router_1921_yhoyeoq"
Info: intel_rtile_cxl_top_cxltyp3_ed: "Generating: intel_rtile_cxl_top_cxltyp3_ed_altera_merlin_traffic_limiter_191_kcba44q"
Info: my_altera_avalon_sc_fifo_dest_id_fifo: "Generating: my_altera_avalon_sc_fifo_dest_id_fifo"
Info: intel_rtile_cxl_top_cxltyp3_ed: "Generating: intel_rtile_cxl_top_cxltyp3_ed_altera_merlin_burst_adapter_1923_cqtay7y"
Info: my_altera_avalon_st_pipeline_stage: "Generating: my_altera_avalon_st_pipeline_stage"
Info: intel_rtile_cxl_top_cxltyp3_ed: "Generating: intel_rtile_cxl_top_cxltyp3_ed_altera_merlin_burst_adapter_1923_wv5ldia"
Info: my_altera_avalon_st_pipeline_stage: "Generating: my_altera_avalon_st_pipeline_stage"
Info: intel_rtile_cxl_top_cxltyp3_ed: "Generating: intel_rtile_cxl_top_cxltyp3_ed_altera_merlin_demultiplexer_1921_idnjcja"
Info: intel_rtile_cxl_top_cxltyp3_ed: "Generating: intel_rtile_cxl_top_cxltyp3_ed_altera_merlin_demultiplexer_1921_fvd2aaq"
Info: intel_rtile_cxl_top_cxltyp3_ed: "Generating: intel_rtile_cxl_top_cxltyp3_ed_altera_merlin_multiplexer_1921_okzu56a"
Info: intel_rtile_cxl_top_cxltyp3_ed: "Generating: intel_rtile_cxl_top_cxltyp3_ed_altera_merlin_multiplexer_1921_ows5xlq"
Info: intel_rtile_cxl_top_cxltyp3_ed: "Generating: intel_rtile_cxl_top_cxltyp3_ed_altera_merlin_multiplexer_1921_tk6ryqa"
Info: intel_rtile_cxl_top_cxltyp3_ed: "Generating: intel_rtile_cxl_top_cxltyp3_ed_altera_merlin_multiplexer_1921_ifvxyrq"
Info: intel_rtile_cxl_top_cxltyp3_ed: "Generating: intel_rtile_cxl_top_cxltyp3_ed_altera_merlin_multiplexer_1921_kwikzwq"
Info: intel_rtile_cxl_top_cxltyp3_ed: "Generating: intel_rtile_cxl_top_cxltyp3_ed_altera_merlin_demultiplexer_1921_yyrcbvy"
Info: intel_rtile_cxl_top_cxltyp3_ed: "Generating: intel_rtile_cxl_top_cxltyp3_ed_altera_merlin_demultiplexer_1921_iz6m4ii"
Info: intel_rtile_cxl_top_cxltyp3_ed: "Generating: intel_rtile_cxl_top_cxltyp3_ed_altera_merlin_demultiplexer_1921_medrqry"
Info: intel_rtile_cxl_top_cxltyp3_ed: "Generating: intel_rtile_cxl_top_cxltyp3_ed_altera_merlin_demultiplexer_1921_f6766by"
Info: intel_rtile_cxl_top_cxltyp3_ed: "Generating: intel_rtile_cxl_top_cxltyp3_ed_altera_merlin_demultiplexer_1921_6pfw33y"
Info: intel_rtile_cxl_top_cxltyp3_ed: "Generating: intel_rtile_cxl_top_cxltyp3_ed_altera_merlin_multiplexer_1921_wkulxjq"
Info: intel_rtile_cxl_top_cxltyp3_ed: "Generating: intel_rtile_cxl_top_cxltyp3_ed_altera_merlin_multiplexer_1921_thssqhi"
Info: intel_rtile_cxl_top_cxltyp3_ed: "Generating: intel_rtile_cxl_top_cxltyp3_ed_altera_merlin_width_adapter_1920_7r6vdty"
Info: intel_rtile_cxl_top_cxltyp3_ed: "Generating: intel_rtile_cxl_top_cxltyp3_ed_altera_merlin_width_adapter_1920_3f4yqhi"
Info: intel_rtile_cxl_top_cxltyp3_ed: "Generating: intel_rtile_cxl_top_cxltyp3_ed_altera_merlin_width_adapter_1920_q5moxay"
Info: intel_rtile_cxl_top_cxltyp3_ed: "Generating: intel_rtile_cxl_top_cxltyp3_ed_altera_merlin_width_adapter_1920_7d3cali"
Info: intel_rtile_cxl_top_cxltyp3_ed: "Generating: intel_rtile_cxl_top_cxltyp3_ed_altera_merlin_width_adapter_1920_dxcqefq"
Info: intel_rtile_cxl_top_cxltyp3_ed: "Generating: intel_rtile_cxl_top_cxltyp3_ed_altera_merlin_width_adapter_1920_4t7ioqa"
Info: intel_rtile_cxl_top_cxltyp3_ed: "Generating: intel_rtile_cxl_top_cxltyp3_ed_st_dc_fifo_1941_t2zlahy"
Info: intel_rtile_cxl_top_cxltyp3_ed: "Generating: intel_rtile_cxl_top_cxltyp3_ed_altera_merlin_traffic_limiter_altera_avalon_sc_fifo_191_phez6qq"
Info: intel_rtile_cxl_top_cxltyp3_ed: "Generating: intel_rtile_cxl_top_cxltyp3_ed_altera_merlin_burst_adapter_altera_avalon_st_pipeline_stage_1923_ei5g6li"
Info: intel_rtile_cxl_top_cxltyp3_ed: "Generating: intel_rtile_cxl_top_cxltyp3_ed_altera_merlin_burst_adapter_altera_avalon_st_pipeline_stage_1923_tild7ga"
Info: intel_rtile_cxl_top_cxltyp3_ed: "Generating: intel_rtile_cxl_top_cxltyp3_ed_altera_avalon_st_pipeline_stage_1920_zterisq"
Info: intel_rtile_cxl_top_cxltyp3_ed: Done "intel_rtile_cxl_top_cxltyp3_ed" with 54 modules, 778 files
Info: Generating the following file(s) for RIVIERA simulator in /tmp/alt9529_8442435674046616027.dir/0001_intel_rtile_cxl_top_0_gen/intel_rtile_cxl_top_cxltyp3_ed/sim/ directory:
Info: 	common/riviera_files.tcl
Info: Generating the following file(s) for VCS simulator in /tmp/alt9529_8442435674046616027.dir/0001_intel_rtile_cxl_top_0_gen/intel_rtile_cxl_top_cxltyp3_ed/sim/ directory:
Info: 	common/vcs_files.tcl
Info: Generating the following file(s) for VCSMX simulator in /tmp/alt9529_8442435674046616027.dir/0001_intel_rtile_cxl_top_0_gen/intel_rtile_cxl_top_cxltyp3_ed/sim/ directory:
Info: 	common/vcsmx_files.tcl
Info: Generating the following file(s) for MODELSIM simulator in /tmp/alt9529_8442435674046616027.dir/0001_intel_rtile_cxl_top_0_gen/intel_rtile_cxl_top_cxltyp3_ed/sim/ directory:
Info: 	common/modelsim_files.tcl
Info: Generating the following file(s) for XCELIUM simulator in /tmp/alt9529_8442435674046616027.dir/0001_intel_rtile_cxl_top_0_gen/intel_rtile_cxl_top_cxltyp3_ed/sim/ directory:
Info: 	common/xcelium_files.tcl
Info: For information on how to simulate your IP, see the explanatory comments in the simulator-specific subdirectories under /tmp/alt9529_8442435674046616027.dir/0001_intel_rtile_cxl_top_0_gen/intel_rtile_cxl_top_cxltyp3_ed/sim/.
Info: Regenerate these scripts whenever you make any change to any Quartus-generated IP in your project.
Info: Finished: Create simulation model
Info: Starting: Create simulation script
Info: sim-script-gen --system-file=/tmp/alt9529_8442435674046616027.dir/0001_intel_rtile_cxl_top_0_gen/intel_rtile_cxl_top_cxltyp3_ed.ip --output-directory=/tmp/alt9529_8442435674046616027.dir/0001_intel_rtile_cxl_top_0_gen/intel_rtile_cxl_top_cxltyp3_ed/sim/ --use-relative-paths=true
Info: Generating the following file(s) for RIVIERA simulator in /tmp/alt9529_8442435674046616027.dir/0001_intel_rtile_cxl_top_0_gen/intel_rtile_cxl_top_cxltyp3_ed/sim/ directory:
Info: 	aldec/rivierapro_setup.tcl
Info: Generating the following file(s) for VCS simulator in /tmp/alt9529_8442435674046616027.dir/0001_intel_rtile_cxl_top_0_gen/intel_rtile_cxl_top_cxltyp3_ed/sim/ directory:
Info: 	synopsys/vcs/vcs_setup.sh
Info: Generating the following file(s) for VCSMX simulator in /tmp/alt9529_8442435674046616027.dir/0001_intel_rtile_cxl_top_0_gen/intel_rtile_cxl_top_cxltyp3_ed/sim/ directory:
Info: 	synopsys/vcsmx/synopsys_sim.setup
Info: 	synopsys/vcsmx/vcsmx_setup.sh
Info: Generating the following file(s) for MODELSIM simulator in /tmp/alt9529_8442435674046616027.dir/0001_intel_rtile_cxl_top_0_gen/intel_rtile_cxl_top_cxltyp3_ed/sim/ directory:
Info: 	mentor/msim_setup.tcl
Info: Generating the following file(s) for XCELIUM simulator in /tmp/alt9529_8442435674046616027.dir/0001_intel_rtile_cxl_top_0_gen/intel_rtile_cxl_top_cxltyp3_ed/sim/ directory:
Info: 	xcelium/cds.lib
Info: 	xcelium/hdl.var
Info: 	xcelium/xcelium_setup.sh
Info: 	21 .cds.lib files in xcelium/cds_libs/ directory
Info: For information on how to simulate your IP, see the explanatory comments in the simulator-specific subdirectories under /tmp/alt9529_8442435674046616027.dir/0001_intel_rtile_cxl_top_0_gen/intel_rtile_cxl_top_cxltyp3_ed/sim/.
Info: Regenerate these scripts whenever you make any change to any Quartus-generated IP in your project.
Info: Finished: Create simulation script
Info: 
Info: Starting: Create HDL design files for synthesis
Info: qsys-generate /tmp/alt9529_8442435674046616027.dir/0001_intel_rtile_cxl_top_0_gen/intel_rtile_cxl_top_cxltyp3_ed.ip --synthesis=VERILOG --output-directory=/tmp/alt9529_8442435674046616027.dir/0001_intel_rtile_cxl_top_0_gen/intel_rtile_cxl_top_cxltyp3_ed --family=Agilex --part=AGIB027R29A1E2VR3
Warning: intel_rtile_cxl_top_cxltyp3_ed.intel_rtile_cxl_top_0: The CXLTYP3-DDR or CXLTYP2 IP is available only for approved Early access customers
Warning: intel_rtile_cxl_top_cxltyp3_ed.intel_rtile_cxl_top_0.warm_rstn: Associated reset sinks not declared
Warning: intel_rtile_cxl_top_cxltyp3_ed.intel_rtile_cxl_top_0.ip2hdm_reset_n: Associated reset sinks not declared
Info: intel_rtile_cxl_top_0.rnr_ial_sip_clkgen_pll: Able to implement PLL with user settings
Info: intel_rtile_cxl_top_cxltyp3_ed: "Transforming system: intel_rtile_cxl_top_cxltyp3_ed"
Info: intel_rtile_cxl_top_cxltyp3_ed: "Naming system components in system: intel_rtile_cxl_top_cxltyp3_ed"
Info: intel_rtile_cxl_top_cxltyp3_ed: "Processing generation queue"
Info: intel_rtile_cxl_top_cxltyp3_ed: "Generating: intel_rtile_cxl_top_cxltyp3_ed"
Info: intel_rtile_cxl_top_cxltyp3_ed: "Generating: cxl_ip_top"
Info: rtile_cxl_ip: "Generating: rtile_cxl_ip"
Info: rnr_ial_sip_clkgen_pll: "Generating: rnr_ial_sip_clkgen_pll"
Info: avmm_interconnect: "Generating: avmm_interconnect"
Info: intel_rtile_cxl_top_cxltyp3_ed: "Generating: rtile_cxl_ip"
Info: intel_rtile_cxl_top_cxltyp3_ed: "Generating: rnr_ial_sip_clkgen_pll"
Info: intel_rtile_cxl_top_cxltyp3_ed: "Generating: avmm_interconnect"
Info: intel_rtile_cxl_top_cxltyp3_ed: "Generating: intel_rtile_cxl_top_cxltyp3_ed_intel_rtile_cxl_ast_100_5iee5yq"
Info: intel_rtile_cxl_top_cxltyp3_ed: "Generating: intel_rtile_cxl_top_cxltyp3_ed_altera_iopll_1931_lsetw4a"
Info: intel_rtile_cxl_top_cxltyp3_ed: "Generating: intel_rtile_cxl_top_cxltyp3_ed_cxltyp3ddr_avmm_interconnect_100_kentdoy"
Info: intel_rtile_cxl_top_cxltyp3_ed: "Generating: intel_rtile_cxl_top_cxltyp3_ed_altera_avalon_mm_bridge_2001_k2bg7dq"
Info: intel_rtile_cxl_top_cxltyp3_ed: "Generating: intel_rtile_cxl_top_cxltyp3_ed_mm_ccb_1921_lcsq4ni"
Info: my_altera_avalon_dc_fifo_cmd_fifo: "Generating: my_altera_avalon_dc_fifo_cmd_fifo"
Info: my_altera_avalon_dc_fifo_rsp_fifo: "Generating: my_altera_avalon_dc_fifo_rsp_fifo"
Info: intel_rtile_cxl_top_cxltyp3_ed: "Generating: intel_rtile_cxl_top_cxltyp3_ed_altera_mm_interconnect_1920_ujfwi7y"
Info: intel_rtile_cxl_top_cxltyp3_ed: "Generating: intel_rtile_cxl_top_cxltyp3_ed_mm_ccb_st_dc_fifo_1921_4asniea"
Info: intel_rtile_cxl_top_cxltyp3_ed: "Generating: intel_rtile_cxl_top_cxltyp3_ed_mm_ccb_st_dc_fifo_1921_wen3bsa"
Info: intel_rtile_cxl_top_cxltyp3_ed: "Generating: intel_rtile_cxl_top_cxltyp3_ed_altera_merlin_master_translator_191_g7h47bq"
Info: intel_rtile_cxl_top_cxltyp3_ed: "Generating: intel_rtile_cxl_top_cxltyp3_ed_altera_merlin_slave_translator_191_x56fcki"
Info: intel_rtile_cxl_top_cxltyp3_ed: "Generating: intel_rtile_cxl_top_cxltyp3_ed_altera_merlin_master_agent_191_mpbm6tq"
Info: intel_rtile_cxl_top_cxltyp3_ed: "Generating: intel_rtile_cxl_top_cxltyp3_ed_altera_merlin_slave_agent_191_ncfkfri"
Info: intel_rtile_cxl_top_cxltyp3_ed: "Generating: intel_rtile_cxl_top_cxltyp3_ed_altera_avalon_sc_fifo_1931_fzgstwy"
Info: intel_rtile_cxl_top_cxltyp3_ed: "Generating: intel_rtile_cxl_top_cxltyp3_ed_altera_merlin_router_1921_ev3gtfa"
Info: intel_rtile_cxl_top_cxltyp3_ed: "Generating: intel_rtile_cxl_top_cxltyp3_ed_altera_merlin_router_1921_iz4kmqa"
Info: intel_rtile_cxl_top_cxltyp3_ed: "Generating: intel_rtile_cxl_top_cxltyp3_ed_altera_merlin_router_1921_iuteppq"
Info: intel_rtile_cxl_top_cxltyp3_ed: "Generating: intel_rtile_cxl_top_cxltyp3_ed_altera_merlin_router_1921_ahdw3sa"
Info: intel_rtile_cxl_top_cxltyp3_ed: "Generating: intel_rtile_cxl_top_cxltyp3_ed_altera_merlin_router_1921_ga4uc2i"
Info: intel_rtile_cxl_top_cxltyp3_ed: "Generating: intel_rtile_cxl_top_cxltyp3_ed_altera_merlin_router_1921_wk3ga3a"
Info: intel_rtile_cxl_top_cxltyp3_ed: "Generating: intel_rtile_cxl_top_cxltyp3_ed_altera_merlin_router_1921_tyusa4a"
Info: intel_rtile_cxl_top_cxltyp3_ed: "Generating: intel_rtile_cxl_top_cxltyp3_ed_altera_merlin_router_1921_yhoyeoq"
Info: intel_rtile_cxl_top_cxltyp3_ed: "Generating: intel_rtile_cxl_top_cxltyp3_ed_altera_merlin_traffic_limiter_191_kcba44q"
Info: my_altera_avalon_sc_fifo_dest_id_fifo: "Generating: my_altera_avalon_sc_fifo_dest_id_fifo"
Info: intel_rtile_cxl_top_cxltyp3_ed: "Generating: intel_rtile_cxl_top_cxltyp3_ed_altera_merlin_burst_adapter_1923_cqtay7y"
Info: my_altera_avalon_st_pipeline_stage: "Generating: my_altera_avalon_st_pipeline_stage"
Info: intel_rtile_cxl_top_cxltyp3_ed: "Generating: intel_rtile_cxl_top_cxltyp3_ed_altera_merlin_burst_adapter_1923_wv5ldia"
Info: my_altera_avalon_st_pipeline_stage: "Generating: my_altera_avalon_st_pipeline_stage"
Info: intel_rtile_cxl_top_cxltyp3_ed: "Generating: intel_rtile_cxl_top_cxltyp3_ed_altera_merlin_demultiplexer_1921_idnjcja"
Info: intel_rtile_cxl_top_cxltyp3_ed: "Generating: intel_rtile_cxl_top_cxltyp3_ed_altera_merlin_demultiplexer_1921_fvd2aaq"
Info: intel_rtile_cxl_top_cxltyp3_ed: "Generating: intel_rtile_cxl_top_cxltyp3_ed_altera_merlin_multiplexer_1921_okzu56a"
Info: intel_rtile_cxl_top_cxltyp3_ed: "Generating: intel_rtile_cxl_top_cxltyp3_ed_altera_merlin_multiplexer_1921_ows5xlq"
Info: intel_rtile_cxl_top_cxltyp3_ed: "Generating: intel_rtile_cxl_top_cxltyp3_ed_altera_merlin_multiplexer_1921_tk6ryqa"
Info: intel_rtile_cxl_top_cxltyp3_ed: "Generating: intel_rtile_cxl_top_cxltyp3_ed_altera_merlin_multiplexer_1921_ifvxyrq"
Info: intel_rtile_cxl_top_cxltyp3_ed: "Generating: intel_rtile_cxl_top_cxltyp3_ed_altera_merlin_multiplexer_1921_kwikzwq"
Info: intel_rtile_cxl_top_cxltyp3_ed: "Generating: intel_rtile_cxl_top_cxltyp3_ed_altera_merlin_demultiplexer_1921_yyrcbvy"
Info: intel_rtile_cxl_top_cxltyp3_ed: "Generating: intel_rtile_cxl_top_cxltyp3_ed_altera_merlin_demultiplexer_1921_iz6m4ii"
Info: intel_rtile_cxl_top_cxltyp3_ed: "Generating: intel_rtile_cxl_top_cxltyp3_ed_altera_merlin_demultiplexer_1921_medrqry"
Info: intel_rtile_cxl_top_cxltyp3_ed: "Generating: intel_rtile_cxl_top_cxltyp3_ed_altera_merlin_demultiplexer_1921_f6766by"
Info: intel_rtile_cxl_top_cxltyp3_ed: "Generating: intel_rtile_cxl_top_cxltyp3_ed_altera_merlin_demultiplexer_1921_6pfw33y"
Info: intel_rtile_cxl_top_cxltyp3_ed: "Generating: intel_rtile_cxl_top_cxltyp3_ed_altera_merlin_multiplexer_1921_wkulxjq"
Info: intel_rtile_cxl_top_cxltyp3_ed: "Generating: intel_rtile_cxl_top_cxltyp3_ed_altera_merlin_multiplexer_1921_thssqhi"
Info: intel_rtile_cxl_top_cxltyp3_ed: "Generating: intel_rtile_cxl_top_cxltyp3_ed_altera_merlin_width_adapter_1920_7r6vdty"
Info: intel_rtile_cxl_top_cxltyp3_ed: "Generating: intel_rtile_cxl_top_cxltyp3_ed_altera_merlin_width_adapter_1920_3f4yqhi"
Info: intel_rtile_cxl_top_cxltyp3_ed: "Generating: intel_rtile_cxl_top_cxltyp3_ed_altera_merlin_width_adapter_1920_q5moxay"
Info: intel_rtile_cxl_top_cxltyp3_ed: "Generating: intel_rtile_cxl_top_cxltyp3_ed_altera_merlin_width_adapter_1920_7d3cali"
Info: intel_rtile_cxl_top_cxltyp3_ed: "Generating: intel_rtile_cxl_top_cxltyp3_ed_altera_merlin_width_adapter_1920_dxcqefq"
Info: intel_rtile_cxl_top_cxltyp3_ed: "Generating: intel_rtile_cxl_top_cxltyp3_ed_altera_merlin_width_adapter_1920_4t7ioqa"
Info: intel_rtile_cxl_top_cxltyp3_ed: "Generating: intel_rtile_cxl_top_cxltyp3_ed_st_dc_fifo_1941_t2zlahy"
Info: intel_rtile_cxl_top_cxltyp3_ed: "Generating: intel_rtile_cxl_top_cxltyp3_ed_altera_merlin_traffic_limiter_altera_avalon_sc_fifo_191_phez6qq"
Info: intel_rtile_cxl_top_cxltyp3_ed: "Generating: intel_rtile_cxl_top_cxltyp3_ed_altera_merlin_burst_adapter_altera_avalon_st_pipeline_stage_1923_ei5g6li"
Info: intel_rtile_cxl_top_cxltyp3_ed: "Generating: intel_rtile_cxl_top_cxltyp3_ed_altera_merlin_burst_adapter_altera_avalon_st_pipeline_stage_1923_tild7ga"
Info: intel_rtile_cxl_top_cxltyp3_ed: "Generating: intel_rtile_cxl_top_cxltyp3_ed_altera_avalon_st_pipeline_stage_1920_zterisq"
Info: intel_rtile_cxl_top_cxltyp3_ed: Done "intel_rtile_cxl_top_cxltyp3_ed" with 54 modules, 594 files
Info: Finished: Create HDL design files for synthesis
